This is pdfTeX, Version 3.141592653-2.6-1.40.24 (MiKTeX 22.3) (preloaded format=pdflatex 2022.5.20)  9 AUG 2022 13:48
entering extended mode
 restricted \write18 enabled.
 %&-line parsing enabled.
**./main.tex
(main.tex
LaTeX2e <2021-11-15> patch level 1
L3 programming layer <2022-02-24>
(C:\Users\carin\AppData\Local\Programs\MiKTeX\tex/latex/base\article.cls
Document Class: article 2021/10/04 v1.4n Standard LaTeX document class
(C:\Users\carin\AppData\Local\Programs\MiKTeX\tex/latex/base\size12.clo
File: size12.clo 2021/10/04 v1.4n Standard LaTeX file (size option)
)
\c@part=\count185
\c@section=\count186
\c@subsection=\count187
\c@subsubsection=\count188
\c@paragraph=\count189
\c@subparagraph=\count190
\c@figure=\count191
\c@table=\count192
\abovecaptionskip=\skip47
\belowcaptionskip=\skip48
\bibindent=\dimen138
)
(C:\Users\carin\AppData\Local\Programs\MiKTeX\tex/latex/geometry\geometry.sty
Package: geometry 2020/01/02 v5.9 Page Geometry

(C:\Users\carin\AppData\Local\Programs\MiKTeX\tex/latex/graphics\keyval.sty
Package: keyval 2014/10/28 v1.15 key=value parser (DPC)
\KV@toks@=\toks16
)
(C:\Users\carin\AppData\Local\Programs\MiKTeX\tex/generic/iftex\ifvtex.sty
Package: ifvtex 2019/10/25 v1.7 ifvtex legacy package. Use iftex instead.

(C:\Users\carin\AppData\Local\Programs\MiKTeX\tex/generic/iftex\iftex.sty
Package: iftex 2022/02/03 v1.0f TeX engine tests
))
\Gm@cnth=\count193
\Gm@cntv=\count194
\c@Gm@tempcnt=\count195
\Gm@bindingoffset=\dimen139
\Gm@wd@mp=\dimen140
\Gm@odd@mp=\dimen141
\Gm@even@mp=\dimen142
\Gm@layoutwidth=\dimen143
\Gm@layoutheight=\dimen144
\Gm@layouthoffset=\dimen145
\Gm@layoutvoffset=\dimen146
\Gm@dimlist=\toks17

(C:\Users\carin\AppData\Local\Programs\MiKTeX\tex/latex/geometry\geometry.cfg))
(C:\Users\carin\AppData\Local\Programs\MiKTeX\tex/latex/base\inputenc.sty
Package: inputenc 2021/02/14 v1.3d Input encoding file
\inpenc@prehook=\toks18
\inpenc@posthook=\toks19
)
(C:\Users\carin\AppData\Local\Programs\MiKTeX\tex/latex/base\fontenc.sty
Package: fontenc 2021/04/29 v2.0v Standard LaTeX package
)
(C:\Users\carin\AppData\Local\Programs\MiKTeX\tex/generic/babel\babel.sty
Package: babel 2022/02/26 3.73 The Babel package
\babel@savecnt=\count196
\U@D=\dimen147
\l@unhyphenated=\language79

(C:\Users\carin\AppData\Local\Programs\MiKTeX\tex/generic/babel\txtbabel.def)
\bbl@readstream=\read2
\bbl@dirlevel=\count197

*************************************
* Local config file bblopts.cfg used
*
(C:\Users\carin\AppData\Local\Programs\MiKTeX\tex/latex/arabi\bblopts.cfg
File: bblopts.cfg 2005/09/08 v0.1 add Arabic and Farsi to "declared" options of
 babel
)
(C:\Users\carin\AppData\Local\Programs\MiKTeX\tex/latex/babel-swedish\swedish.l
df
Language: swedish 2021/02/06 v2.3e Swedish support from the babel system
Package babel Info: Making " an active character on input line 90.
))
(C:\Users\carin\AppData\Local\Programs\MiKTeX\tex/latex/pdfpages\pdfpages.sty
Package: pdfpages 2022/01/29 v0.5u Insert pages of external PDF documents (AM)

(C:\Users\carin\AppData\Local\Programs\MiKTeX\tex/latex/base\ifthen.sty
Package: ifthen 2020/11/24 v1.1c Standard LaTeX ifthen package (DPC)
)
(C:\Users\carin\AppData\Local\Programs\MiKTeX\tex/latex/tools\calc.sty
Package: calc 2017/05/25 v4.3 Infix arithmetic (KKT,FJ)
\calc@Acount=\count198
\calc@Bcount=\count199
\calc@Adimen=\dimen148
\calc@Bdimen=\dimen149
\calc@Askip=\skip49
\calc@Bskip=\skip50
LaTeX Info: Redefining \setlength on input line 80.
LaTeX Info: Redefining \addtolength on input line 81.
\calc@Ccount=\count266
\calc@Cskip=\skip51
)
(C:\Users\carin\AppData\Local\Programs\MiKTeX\tex/latex/eso-pic\eso-pic.sty
Package: eso-pic 2020/10/14 v3.0a eso-pic (RN)
\ESO@tempdima=\dimen150
\ESO@tempdimb=\dimen151

(C:\Users\carin\AppData\Local\Programs\MiKTeX\tex/latex/xcolor\xcolor.sty
Package: xcolor 2021/10/31 v2.13 LaTeX color extensions (UK)

(C:\Users\carin\AppData\Local\Programs\MiKTeX\tex/latex/graphics-cfg\color.cfg
File: color.cfg 2016/01/02 v1.6 sample color configuration
)
Package xcolor Info: Driver file: pdftex.def on input line 227.

(C:\Users\carin\AppData\Local\Programs\MiKTeX\tex/latex/graphics-def\pdftex.def
File: pdftex.def 2020/10/05 v1.2a Graphics/color driver for pdftex
)
Package xcolor Info: Model `cmy' substituted by `cmy0' on input line 1352.
Package xcolor Info: Model `hsb' substituted by `rgb' on input line 1356.
Package xcolor Info: Model `RGB' extended on input line 1368.
Package xcolor Info: Model `HTML' substituted by `rgb' on input line 1370.
Package xcolor Info: Model `Hsb' substituted by `hsb' on input line 1371.
Package xcolor Info: Model `tHsb' substituted by `hsb' on input line 1372.
Package xcolor Info: Model `HSB' substituted by `hsb' on input line 1373.
Package xcolor Info: Model `Gray' substituted by `gray' on input line 1374.
Package xcolor Info: Model `wave' substituted by `hsb' on input line 1375.
))
(C:\Users\carin\AppData\Local\Programs\MiKTeX\tex/latex/graphics\graphicx.sty
Package: graphicx 2021/09/16 v1.2d Enhanced LaTeX Graphics (DPC,SPQR)

(C:\Users\carin\AppData\Local\Programs\MiKTeX\tex/latex/graphics\graphics.sty
Package: graphics 2021/03/04 v1.4d Standard LaTeX Graphics (DPC,SPQR)

(C:\Users\carin\AppData\Local\Programs\MiKTeX\tex/latex/graphics\trig.sty
Package: trig 2021/08/11 v1.11 sin cos tan (DPC)
)
(C:\Users\carin\AppData\Local\Programs\MiKTeX\tex/latex/graphics-cfg\graphics.c
fg
File: graphics.cfg 2016/06/04 v1.11 sample graphics configuration
)
Package graphics Info: Driver file: pdftex.def on input line 107.
)
\Gin@req@height=\dimen152
\Gin@req@width=\dimen153
)
\AM@pagewidth=\dimen154
\AM@pageheight=\dimen155
\AM@fboxrule=\dimen156

(C:\Users\carin\AppData\Local\Programs\MiKTeX\tex/latex/pdfpages\pppdftex.def
File: pppdftex.def 2022/01/29 v0.5u Pdfpages driver for pdfTeX (AM)
)
\pdfpages@includegraphics@status=\count267
\AM@pagebox=\box50
\AM@global@opts=\toks20
\AM@pagecnt=\count268
\AM@toc@title=\toks21
\c@AM@survey=\count269
\AM@templatesizebox=\box51
)
(C:\Users\carin\AppData\Local\Programs\MiKTeX\tex/latex/filecontents\fileconten
ts.sty
Package: filecontents 2019/09/20 v1.5 Create an external file from within a LaT
eX document


Package filecontents Warning: This package is obsolete. Disabling it and
(filecontents)                passing control to the filecontents environment
(filecontents)                defined by the LaTeX kernel.

)

LaTeX Info: File `config.tex' already exists on the system.
            Not generating it from this source.


(C:\Users\carin\AppData\Local\Programs\MiKTeX\tex/latex/l3backend\l3backend-pdf
tex.def
File: l3backend-pdftex.def 2022-02-07 L3 backend support: PDF output (pdfTeX)
\l__color_backend_stack_int=\count270
\l__pdf_internal_box=\box52
) (main.aux)
\openout1 = `main.aux'.

LaTeX Font Info:    Checking defaults for OML/cmm/m/it on input line 185.
LaTeX Font Info:    ... okay on input line 185.
LaTeX Font Info:    Checking defaults for OMS/cmsy/m/n on input line 185.
LaTeX Font Info:    ... okay on input line 185.
LaTeX Font Info:    Checking defaults for OT1/cmr/m/n on input line 185.
LaTeX Font Info:    ... okay on input line 185.
LaTeX Font Info:    Checking defaults for T1/cmr/m/n on input line 185.
LaTeX Font Info:    ... okay on input line 185.
LaTeX Font Info:    Checking defaults for TS1/cmr/m/n on input line 185.
LaTeX Font Info:    ... okay on input line 185.
LaTeX Font Info:    Checking defaults for OMX/cmex/m/n on input line 185.
LaTeX Font Info:    ... okay on input line 185.
LaTeX Font Info:    Checking defaults for U/cmr/m/n on input line 185.
LaTeX Font Info:    ... okay on input line 185.

*geometry* driver: auto-detecting
*geometry* detected driver: pdftex
*geometry* verbose mode - [ preamble ] result:
* driver: pdftex
* paper: a4paper
* layout: <same size as paper>
* layoutoffset:(h,v)=(0.0pt,0.0pt)
* modes: 
* h-part:(L,W,R)=(0.0pt, 597.50787pt, 0.0pt)
* v-part:(T,H,B)=(0.0pt, 845.04684pt, 0.0pt)
* \paperwidth=597.50787pt
* \paperheight=845.04684pt
* \textwidth=597.50787pt
* \textheight=845.04684pt
* \oddsidemargin=-72.26999pt
* \evensidemargin=-72.26999pt
* \topmargin=-109.26999pt
* \headheight=12.0pt
* \headsep=25.0pt
* \topskip=12.0pt
* \footskip=30.0pt
* \marginparwidth=44.0pt
* \marginparsep=10.0pt
* \columnsep=10.0pt
* \skip\footins=10.8pt plus 4.0pt minus 2.0pt
* \hoffset=0.0pt
* \voffset=0.0pt
* \mag=1000
* \@twocolumnfalse
* \@twosidefalse
* \@mparswitchfalse
* \@reversemarginfalse
* (1in=72.27pt=25.4mm, 1cm=28.453pt)


(C:\Users\carin\AppData\Local\Programs\MiKTeX\tex/context/base/mkii\supp-pdf.mk
ii
[Loading MPS to PDF converter (version 2006.09.02).]
\scratchcounter=\count271
\scratchdimen=\dimen157
\scratchbox=\box53
\nofMPsegments=\count272
\nofMParguments=\count273
\everyMPshowfont=\toks22
\MPscratchCnt=\count274
\MPscratchDim=\dimen158
\MPnumerator=\count275
\makeMPintoPDFobject=\count276
\everyMPtoPDFconversion=\toks23
)
(C:\Users\carin\AppData\Local\Programs\MiKTeX\tex/latex/epstopdf-pkg\epstopdf-b
ase.sty
Package: epstopdf-base 2020-01-24 v2.11 Base part for package epstopdf
Package epstopdf-base Info: Redefining graphics rule for `.eps' on input line 4
85.

(C:\Users\carin\AppData\Local\Programs\MiKTeX\tex/latex/00miktex\epstopdf-sys.c
fg
File: epstopdf-sys.cfg 2021/03/18 v2.0 Configuration of epstopdf for MiKTeX
))
(C:\Users\carin\AppData\Local\Programs\MiKTeX\tex/latex/pdflscape\pdflscape.sty
Package: pdflscape 2019/12/05 v0.12 Display of landscape pages in PDF (HO)
(C:\Users\carin\AppData\Local\Programs\MiKTeX\tex/latex/graphics\lscape.sty
Package: lscape 2020/05/28 v3.02 Landscape Pages (DPC)
)
Package pdflscape Info: Auto-detected driver: pdftex on input line 81.
)
runsystem(pdflatex config.tex)...disabled (restricted).

<config.pdf, id=2, 298.75415pt x 845.0471pt>
File: config.pdf Graphic file (type pdf)
<use config.pdf>
Package pdftex.def Info: config.pdf  used on input line 186.
(pdftex.def)             Requested size: 298.75342pt x 845.04504pt.
File: config.pdf Graphic file (type pdf)
<use config.pdf>
Package pdftex.def Info: config.pdf  used on input line 186.
(pdftex.def)             Requested size: 298.75342pt x 845.04504pt.
File: config.pdf Graphic file (type pdf)
<use config.pdf>
Package pdftex.def Info: config.pdf  used on input line 186.
(pdftex.def)             Requested size: 298.75342pt x 845.04504pt.
File: config.pdf Graphic file (type pdf)
<use config.pdf>
Package pdftex.def Info: config.pdf  used on input line 186.
(pdftex.def)             Requested size: 298.75342pt x 845.04504pt.
File: config.pdf Graphic file (type pdf)
<use config.pdf>
Package pdftex.def Info: config.pdf  used on input line 186.
(pdftex.def)             Requested size: 298.75342pt x 845.04504pt.
<config.pdf, id=8, page=4, 298.75415pt x 845.0471pt>
File: config.pdf Graphic file (type pdf)
<use config.pdf, page 4>
Package pdftex.def Info: config.pdf , page4 used on input line 186.
(pdftex.def)             Requested size: 298.75342pt x 845.04504pt.
File: config.pdf Graphic file (type pdf)
<use config.pdf, page 4>
Package pdftex.def Info: config.pdf , page4 used on input line 186.
(pdftex.def)             Requested size: 298.76709pt x 845.08372pt.
File: config.pdf Graphic file (type pdf)
<use config.pdf, page 4>
Package pdftex.def Info: config.pdf , page4 used on input line 186.
(pdftex.def)             Requested size: 298.76709pt x 845.08372pt.
File: config.pdf Graphic file (type pdf)
<use config.pdf, page 4>
Package pdftex.def Info: config.pdf , page4 used on input line 186.
(pdftex.def)             Requested size: 298.76709pt x 845.08372pt.
<config.pdf, id=9, page=1, 298.75415pt x 845.0471pt>
File: config.pdf Graphic file (type pdf)
<use config.pdf, page 1>
Package pdftex.def Info: config.pdf , page1 used on input line 186.
(pdftex.def)             Requested size: 298.76709pt x 845.08372pt.
File: config.pdf Graphic file (type pdf)
<use config.pdf, page 1>
Package pdftex.def Info: config.pdf , page1 used on input line 186.
(pdftex.def)             Requested size: 298.76709pt x 845.08372pt.
File: config.pdf Graphic file (type pdf)
<use config.pdf, page 4>
Package pdftex.def Info: config.pdf , page4 used on input line 186.
(pdftex.def)             Requested size: 298.76709pt x 845.08372pt.
File: config.pdf Graphic file (type pdf)
<use config.pdf, page 1>
Package pdftex.def Info: config.pdf , page1 used on input line 186.
(pdftex.def)             Requested size: 298.76709pt x 845.08372pt.

[1

 <./config.pdf{C:/Users/carin/AppData/Local/MiKTeX/fonts/map/pdftex/pdftex.map}
> <./config.pdf>]
<config.pdf, id=42, page=2, 298.75415pt x 845.0471pt>
File: config.pdf Graphic file (type pdf)
<use config.pdf, page 2>
Package pdftex.def Info: config.pdf , page2 used on input line 186.
(pdftex.def)             Requested size: 298.76709pt x 845.08372pt.
File: config.pdf Graphic file (type pdf)
<use config.pdf, page 2>
Package pdftex.def Info: config.pdf , page2 used on input line 186.
(pdftex.def)             Requested size: 298.76709pt x 845.08372pt.
<config.pdf, id=43, page=3, 298.75415pt x 845.0471pt>
File: config.pdf Graphic file (type pdf)
<use config.pdf, page 3>
Package pdftex.def Info: config.pdf , page3 used on input line 186.
(pdftex.def)             Requested size: 298.76709pt x 845.08372pt.
File: config.pdf Graphic file (type pdf)
<use config.pdf, page 3>
Package pdftex.def Info: config.pdf , page3 used on input line 186.
(pdftex.def)             Requested size: 298.76709pt x 845.08372pt.
File: config.pdf Graphic file (type pdf)
<use config.pdf, page 2>
Package pdftex.def Info: config.pdf , page2 used on input line 186.
(pdftex.def)             Requested size: 298.76709pt x 845.08372pt.
File: config.pdf Graphic file (type pdf)
<use config.pdf, page 3>
Package pdftex.def Info: config.pdf , page3 used on input line 186.
(pdftex.def)             Requested size: 298.76709pt x 845.08372pt.
 [2 <./config.pdf> <./config.pdf>] (main.aux) ) 
Here is how much of TeX's memory you used:
 4463 strings out of 478582
 72742 string characters out of 2844344
 384328 words of memory out of 3000000
 22622 multiletter control sequences out of 15000+600000
 470321 words of font info for 30 fonts, out of 8000000 for 9000
 1141 hyphenation exceptions out of 8191
 70i,17n,76p,248b,431s stack positions out of 10000i,1000n,20000p,200000b,80000s
<C:/Users/carin/AppData/Local/Pr
ograms/MiKTeX/fonts/type1/public/lm/lmbxi10.pfb><C:/Users/carin/AppData/Local/P
rograms/MiKTeX/fonts/type1/public/lm/lmr12.pfb><C:/Users/carin/AppData/Local/Pr
ograms/MiKTeX/fonts/type1/public/lm/lmr17.pfb><C:/Users/carin/AppData/Local/Pro
grams/MiKTeX/fonts/type1/public/lm/lmri10.pfb><C:/Users/carin/AppData/Local/Pro
grams/MiKTeX/fonts/type1/public/lm/lmri12.pfb>
Output written on main.pdf (2 pages, 153240 bytes).
PDF statistics:
 59 PDF objects out of 1000 (max. 8388607)
 0 named destinations out of 1000 (max. 500000)
 56 words of extra memory for PDF output out of 10000 (max. 10000000)

